2015-11-11 13:48:15,337  WARN [ModalContext] - ScalaProject - Project progfun has platform default sourceLevel.
2015-11-11 13:48:15,338  WARN [ModalContext] - ScalaProject - Project progfun runs on platform default installation.
2015-11-11 13:48:20,200  WARN [Worker-3] - ScalaProject - Project progfun has platform default sourceLevel.
2015-11-11 13:48:20,200  WARN [Worker-3] - ScalaProject - Project progfun runs on platform default installation.
2015-11-11 13:48:30,393  WARN [Worker-3] - ScalaProject - Project progfun has platform default sourceLevel.
2015-11-11 13:48:30,393  WARN [Worker-3] - ScalaProject - Project progfun runs on platform default installation.
2015-11-11 13:48:30,417  WARN [Worker-3] - ScalaProject - Project progfun has platform default sourceLevel.
2015-11-11 13:48:30,417  WARN [Worker-3] - ScalaProject - Project progfun runs on platform default installation.
2015-11-11 13:48:50,855  WARN [Worker-3] - ScalaProject - Project progfun has platform default sourceLevel.
2015-11-11 13:48:50,855  WARN [Worker-3] - ScalaProject - Project progfun runs on platform default installation.
2015-11-11 13:48:50,878  WARN [Worker-3] - ScalaProject - Project progfun has platform default sourceLevel.
2015-11-11 13:48:50,878  WARN [Worker-3] - ScalaProject - Project progfun runs on platform default installation.
2015-11-11 13:48:50,899  WARN [Worker-3] - ScalaProject - Project progfun has platform default sourceLevel.
2015-11-11 13:48:50,899  WARN [Worker-3] - ScalaProject - Project progfun runs on platform default installation.
2015-11-11 13:48:51,183  WARN [bundle-321-ActorSystem-akka.actor.default-dispatcher-4] - ScalaProject - Project progfun has platform default sourceLevel.
2015-11-11 13:48:51,184  WARN [bundle-321-ActorSystem-akka.actor.default-dispatcher-4] - ScalaProject - Project progfun runs on platform default installation.
2015-11-11 13:49:05,134  WARN [Worker-2] - ScalaProject - Project progfun has platform default sourceLevel.
2015-11-11 13:49:05,134  WARN [Worker-2] - ScalaProject - Project progfun runs on platform default installation.
2015-11-11 13:49:05,153  WARN [Worker-2] - ScalaProject - Project progfun has platform default sourceLevel.
2015-11-11 13:49:05,154  WARN [Worker-2] - ScalaProject - Project progfun runs on platform default installation.
2015-11-11 13:49:09,337  WARN [bundle-321-ActorSystem-akka.actor.default-dispatcher-4] - ScalaProject - Project progfun has platform default sourceLevel.
2015-11-11 13:49:09,337  WARN [bundle-321-ActorSystem-akka.actor.default-dispatcher-4] - ScalaProject - Project progfun runs on platform default installation.
2015-11-11 13:49:09,964  WARN [Worker-0] - ScalaProject - Project progfun has platform default sourceLevel.
2015-11-11 13:49:09,964  WARN [Worker-0] - ScalaProject - Project progfun runs on platform default installation.
2015-11-11 13:49:09,994  WARN [Worker-0] - ScalaProject - Project progfun has platform default sourceLevel.
2015-11-11 13:49:09,994  WARN [Worker-0] - ScalaProject - Project progfun runs on platform default installation.
2015-11-11 13:49:20,040  WARN [Worker-5] - ScalaProject - Project progfun has platform default sourceLevel.
2015-11-11 13:49:20,040  WARN [Worker-5] - ScalaProject - Project progfun runs on platform default installation.
2015-11-11 13:49:20,060  WARN [Worker-5] - ScalaProject - Project progfun has platform default sourceLevel.
2015-11-11 13:49:20,060  WARN [Worker-5] - ScalaProject - Project progfun runs on platform default installation.
2015-11-11 13:49:23,427  WARN [Worker-5] - ScalaProject - Project progfun has platform default sourceLevel.
2015-11-11 13:49:23,427  WARN [Worker-5] - ScalaProject - Project progfun runs on platform default installation.
2015-11-11 13:49:23,444  WARN [Worker-5] - ScalaProject - Project progfun has platform default sourceLevel.
2015-11-11 13:49:23,444  WARN [Worker-5] - ScalaProject - Project progfun runs on platform default installation.
2015-11-11 13:49:24,514  WARN [Worker-5] - ScalaProject - Project progfun has platform default sourceLevel.
2015-11-11 13:49:24,514  WARN [Worker-5] - ScalaProject - Project progfun runs on platform default installation.
2015-11-11 13:49:24,530  WARN [Worker-5] - ScalaProject - Project progfun has platform default sourceLevel.
2015-11-11 13:49:24,530  WARN [Worker-5] - ScalaProject - Project progfun runs on platform default installation.
2015-11-11 13:49:25,599  WARN [Worker-2] - ScalaProject - Project progfun has platform default sourceLevel.
2015-11-11 13:49:25,599  WARN [Worker-2] - ScalaProject - Project progfun runs on platform default installation.
2015-11-11 13:49:25,614  WARN [Worker-2] - ScalaProject - Project progfun has platform default sourceLevel.
2015-11-11 13:49:25,614  WARN [Worker-2] - ScalaProject - Project progfun runs on platform default installation.
2015-11-11 13:49:45,026  WARN [Worker-0] - ScalaProject - Project progfun has platform default sourceLevel.
2015-11-11 13:49:45,027  WARN [Worker-0] - ScalaProject - Project progfun runs on platform default installation.
2015-11-11 13:49:45,040  WARN [Worker-0] - ScalaProject - Project progfun has platform default sourceLevel.
2015-11-11 13:49:45,040  WARN [Worker-0] - ScalaProject - Project progfun runs on platform default installation.
2015-11-11 13:51:50,118  WARN [ModalContext] - ScalaProject - Project progfun has platform default sourceLevel.
2015-11-11 13:51:50,118  WARN [ModalContext] - ScalaProject - Project progfun runs on platform default installation.
2015-11-11 13:52:20,144  WARN [Worker-5] - ScalaProject - Project progfun has platform default sourceLevel.
2015-11-11 13:52:20,144  WARN [Worker-5] - ScalaProject - Project progfun runs on platform default installation.
2015-11-11 13:52:20,155  WARN [Worker-5] - ScalaProject - Project progfun has platform default sourceLevel.
2015-11-11 13:52:20,156  WARN [Worker-5] - ScalaProject - Project progfun runs on platform default installation.
2015-11-11 13:52:20,168  WARN [Worker-5] - ScalaProject - Project progfun has platform default sourceLevel.
2015-11-11 13:52:20,168  WARN [Worker-5] - ScalaProject - Project progfun runs on platform default installation.
2015-11-11 13:52:44,914  WARN [main] - ScalaProject - Project progfun has platform default sourceLevel.
2015-11-11 13:52:44,914  WARN [main] - ScalaProject - Project progfun runs on platform default installation.
2015-11-11 13:52:47,273  WARN [main] - ScalaProject - Project progfun has platform default sourceLevel.
2015-11-11 13:52:47,273  WARN [main] - ScalaProject - Project progfun runs on platform default installation.
2015-11-11 13:52:47,996  WARN [Worker-4] - ScalaProject - Project progfun has platform default sourceLevel.
2015-11-11 13:52:47,996  WARN [Worker-4] - ScalaProject - Project progfun runs on platform default installation.
2015-11-11 13:52:48,013  WARN [Worker-4] - ScalaProject - Project progfun has platform default sourceLevel.
2015-11-11 13:52:48,013  WARN [Worker-4] - ScalaProject - Project progfun runs on platform default installation.
2015-11-11 13:52:50,146  WARN [Worker-4] - ScalaProject - Project progfun has platform default sourceLevel.
2015-11-11 13:52:50,146  WARN [Worker-4] - ScalaProject - Project progfun runs on platform default installation.
2015-11-11 13:53:18,152  WARN [Worker-3] - ScalaProject - Project progfun has platform default sourceLevel.
2015-11-11 13:53:18,152  WARN [Worker-3] - ScalaProject - Project progfun runs on platform default installation.
2015-11-11 13:53:18,165  WARN [Worker-3] - ScalaProject - Project progfun has platform default sourceLevel.
2015-11-11 13:53:18,165  WARN [Worker-3] - ScalaProject - Project progfun runs on platform default installation.
2015-11-11 13:53:20,200  WARN [Worker-3] - ScalaProject - Project progfun has platform default sourceLevel.
2015-11-11 13:53:20,200  WARN [Worker-3] - ScalaProject - Project progfun runs on platform default installation.
2015-11-11 13:53:31,605  WARN [Worker-3] - ScalaProject - Project progfun has platform default sourceLevel.
2015-11-11 13:53:31,606  WARN [Worker-3] - ScalaProject - Project progfun runs on platform default installation.
2015-11-11 13:53:31,617  WARN [Worker-3] - ScalaProject - Project progfun has platform default sourceLevel.
2015-11-11 13:53:31,617  WARN [Worker-3] - ScalaProject - Project progfun runs on platform default installation.
2015-11-11 13:53:31,630  WARN [Worker-3] - ScalaProject - Project progfun has platform default sourceLevel.
2015-11-11 13:53:31,630  WARN [Worker-3] - ScalaProject - Project progfun runs on platform default installation.
2015-11-11 13:53:40,683  WARN [Worker-0] - ScalaProject - Project progfun has platform default sourceLevel.
2015-11-11 13:53:40,683  WARN [Worker-0] - ScalaProject - Project progfun runs on platform default installation.
2015-11-11 13:53:40,694  WARN [Worker-0] - ScalaProject - Project progfun has platform default sourceLevel.
2015-11-11 13:53:40,694  WARN [Worker-0] - ScalaProject - Project progfun runs on platform default installation.
2015-11-11 13:53:40,703  WARN [Worker-0] - ScalaProject - Project progfun has platform default sourceLevel.
2015-11-11 13:53:40,703  WARN [Worker-0] - ScalaProject - Project progfun runs on platform default installation.
2015-11-11 13:54:04,864  WARN [bundle-321-ActorSystem-akka.actor.default-dispatcher-6] - ScalaProject - Project progfun has platform default sourceLevel.
2015-11-11 13:54:04,867  WARN [bundle-321-ActorSystem-akka.actor.default-dispatcher-6] - ScalaProject - Project progfun runs on platform default installation.
2015-11-11 13:54:04,986  WARN [Worker-5] - ScalaProject - Project progfun has platform default sourceLevel.
2015-11-11 13:54:04,986  WARN [Worker-5] - ScalaProject - Project progfun runs on platform default installation.
2015-11-11 13:54:04,997  WARN [Worker-5] - ScalaProject - Project progfun has platform default sourceLevel.
2015-11-11 13:54:04,997  WARN [Worker-5] - ScalaProject - Project progfun runs on platform default installation.
2015-11-11 13:54:05,007  WARN [Worker-5] - ScalaProject - Project progfun has platform default sourceLevel.
2015-11-11 13:54:05,007  WARN [Worker-5] - ScalaProject - Project progfun runs on platform default installation.
2015-11-11 13:54:06,258  WARN [Worker-6] - ScalaProject - Project progfun has platform default sourceLevel.
2015-11-11 13:54:06,258  WARN [Worker-6] - ScalaProject - Project progfun runs on platform default installation.
2015-11-11 13:54:06,267  WARN [Worker-6] - ScalaProject - Project progfun has platform default sourceLevel.
2015-11-11 13:54:06,268  WARN [Worker-6] - ScalaProject - Project progfun runs on platform default installation.
2015-11-11 13:54:06,276  WARN [Worker-6] - ScalaProject - Project progfun has platform default sourceLevel.
2015-11-11 13:54:06,276  WARN [Worker-6] - ScalaProject - Project progfun runs on platform default installation.
2015-11-11 13:54:08,692  WARN [Worker-5] - ScalaProject - Project progfun has platform default sourceLevel.
2015-11-11 13:54:08,693  WARN [Worker-5] - ScalaProject - Project progfun runs on platform default installation.
2015-11-11 13:54:08,704  WARN [Worker-5] - ScalaProject - Project progfun has platform default sourceLevel.
2015-11-11 13:54:08,705  WARN [Worker-5] - ScalaProject - Project progfun runs on platform default installation.
2015-11-11 13:54:08,716  WARN [Worker-5] - ScalaProject - Project progfun has platform default sourceLevel.
2015-11-11 13:54:08,717  WARN [Worker-5] - ScalaProject - Project progfun runs on platform default installation.
2015-11-11 13:54:09,785  WARN [Worker-5] - ScalaProject - Project progfun has platform default sourceLevel.
2015-11-11 13:54:09,785  WARN [Worker-5] - ScalaProject - Project progfun runs on platform default installation.
2015-11-11 13:54:09,799  WARN [Worker-5] - ScalaProject - Project progfun has platform default sourceLevel.
2015-11-11 13:54:09,799  WARN [Worker-5] - ScalaProject - Project progfun runs on platform default installation.
2015-11-11 13:54:09,807  WARN [Worker-5] - ScalaProject - Project progfun has platform default sourceLevel.
2015-11-11 13:54:09,808  WARN [Worker-5] - ScalaProject - Project progfun runs on platform default installation.
2015-11-11 19:39:26,679  WARN [Worker-36] - ScalaProject - Project progfun has platform default sourceLevel.
2015-11-11 19:39:26,723  WARN [Worker-36] - ScalaProject - Project progfun runs on platform default installation.
2015-11-11 19:39:26,773  WARN [Worker-36] - ScalaProject - Project progfun has platform default sourceLevel.
2015-11-11 19:39:26,773  WARN [Worker-36] - ScalaProject - Project progfun runs on platform default installation.
2015-11-11 19:39:26,882  WARN [Worker-36] - ScalaProject - Project progfun has platform default sourceLevel.
2015-11-11 19:39:26,882  WARN [Worker-36] - ScalaProject - Project progfun runs on platform default installation.
2015-11-11 19:39:27,946  WARN [Worker-37] - ScalaProject - Project progfun has platform default sourceLevel.
2015-11-11 19:39:27,946  WARN [Worker-37] - ScalaProject - Project progfun runs on platform default installation.
2015-11-11 19:39:27,957  WARN [Worker-37] - ScalaProject - Project progfun has platform default sourceLevel.
2015-11-11 19:39:27,957  WARN [Worker-37] - ScalaProject - Project progfun runs on platform default installation.
2015-11-11 19:39:27,965  WARN [Worker-37] - ScalaProject - Project progfun has platform default sourceLevel.
2015-11-11 19:39:27,965  WARN [Worker-37] - ScalaProject - Project progfun runs on platform default installation.
2015-11-11 19:39:48,380  WARN [Worker-36] - ScalaProject - Project progfun has platform default sourceLevel.
2015-11-11 19:39:48,380  WARN [Worker-36] - ScalaProject - Project progfun runs on platform default installation.
2015-11-11 19:39:48,393  WARN [Worker-36] - ScalaProject - Project progfun has platform default sourceLevel.
2015-11-11 19:39:48,393  WARN [Worker-36] - ScalaProject - Project progfun runs on platform default installation.
2015-11-11 19:39:48,402  WARN [Worker-36] - ScalaProject - Project progfun has platform default sourceLevel.
2015-11-11 19:39:48,402  WARN [Worker-36] - ScalaProject - Project progfun runs on platform default installation.
2015-11-11 19:39:49,493  WARN [Worker-31] - ScalaProject - Project progfun has platform default sourceLevel.
2015-11-11 19:39:49,493  WARN [Worker-31] - ScalaProject - Project progfun runs on platform default installation.
2015-11-11 19:39:49,502  WARN [Worker-31] - ScalaProject - Project progfun has platform default sourceLevel.
2015-11-11 19:39:49,502  WARN [Worker-31] - ScalaProject - Project progfun runs on platform default installation.
2015-11-11 19:39:49,510  WARN [Worker-31] - ScalaProject - Project progfun has platform default sourceLevel.
2015-11-11 19:39:49,510  WARN [Worker-31] - ScalaProject - Project progfun runs on platform default installation.
2015-11-11 19:39:57,683  WARN [Worker-35] - ScalaProject - Project progfun has platform default sourceLevel.
2015-11-11 19:39:57,684  WARN [Worker-35] - ScalaProject - Project progfun runs on platform default installation.
2015-11-11 19:39:57,694  WARN [Worker-35] - ScalaProject - Project progfun has platform default sourceLevel.
2015-11-11 19:39:57,694  WARN [Worker-35] - ScalaProject - Project progfun runs on platform default installation.
2015-11-11 19:39:57,735  WARN [Worker-35] - ScalaProject - Project progfun has platform default sourceLevel.
2015-11-11 19:39:57,735  WARN [Worker-35] - ScalaProject - Project progfun runs on platform default installation.
2015-11-11 19:39:58,798  WARN [Worker-35] - ScalaProject - Project progfun has platform default sourceLevel.
2015-11-11 19:39:58,798  WARN [Worker-35] - ScalaProject - Project progfun runs on platform default installation.
2015-11-11 19:39:58,808  WARN [Worker-35] - ScalaProject - Project progfun has platform default sourceLevel.
2015-11-11 19:39:58,808  WARN [Worker-35] - ScalaProject - Project progfun runs on platform default installation.
2015-11-11 19:39:58,816  WARN [Worker-35] - ScalaProject - Project progfun has platform default sourceLevel.
2015-11-11 19:39:58,816  WARN [Worker-35] - ScalaProject - Project progfun runs on platform default installation.
2015-11-11 19:40:06,451  WARN [Worker-37] - ScalaProject - Project progfun has platform default sourceLevel.
2015-11-11 19:40:06,452  WARN [Worker-37] - ScalaProject - Project progfun runs on platform default installation.
2015-11-11 19:40:06,461  WARN [Worker-37] - ScalaProject - Project progfun has platform default sourceLevel.
2015-11-11 19:40:06,462  WARN [Worker-37] - ScalaProject - Project progfun runs on platform default installation.
2015-11-11 19:40:06,471  WARN [Worker-37] - ScalaProject - Project progfun has platform default sourceLevel.
2015-11-11 19:40:06,471  WARN [Worker-37] - ScalaProject - Project progfun runs on platform default installation.
2015-11-11 19:40:07,538  WARN [Worker-37] - ScalaProject - Project progfun has platform default sourceLevel.
2015-11-11 19:40:07,538  WARN [Worker-37] - ScalaProject - Project progfun runs on platform default installation.
2015-11-11 19:40:07,548  WARN [Worker-37] - ScalaProject - Project progfun has platform default sourceLevel.
2015-11-11 19:40:07,548  WARN [Worker-37] - ScalaProject - Project progfun runs on platform default installation.
2015-11-11 19:40:07,556  WARN [Worker-37] - ScalaProject - Project progfun has platform default sourceLevel.
2015-11-11 19:40:07,556  WARN [Worker-37] - ScalaProject - Project progfun runs on platform default installation.
2015-11-11 19:40:15,803  WARN [Worker-36] - ScalaProject - Project progfun has platform default sourceLevel.
2015-11-11 19:40:15,803  WARN [Worker-36] - ScalaProject - Project progfun runs on platform default installation.
2015-11-11 19:40:15,813  WARN [Worker-36] - ScalaProject - Project progfun has platform default sourceLevel.
2015-11-11 19:40:15,813  WARN [Worker-36] - ScalaProject - Project progfun runs on platform default installation.
2015-11-11 19:40:15,821  WARN [Worker-36] - ScalaProject - Project progfun has platform default sourceLevel.
2015-11-11 19:40:15,821  WARN [Worker-36] - ScalaProject - Project progfun runs on platform default installation.
2015-11-11 19:40:16,839  WARN [Worker-36] - ScalaProject - Project progfun has platform default sourceLevel.
2015-11-11 19:40:16,839  WARN [Worker-36] - ScalaProject - Project progfun runs on platform default installation.
2015-11-11 19:40:16,847  WARN [Worker-36] - ScalaProject - Project progfun has platform default sourceLevel.
2015-11-11 19:40:16,847  WARN [Worker-36] - ScalaProject - Project progfun runs on platform default installation.
2015-11-11 19:40:16,856  WARN [Worker-36] - ScalaProject - Project progfun has platform default sourceLevel.
2015-11-11 19:40:16,856  WARN [Worker-36] - ScalaProject - Project progfun runs on platform default installation.
2015-11-11 19:40:40,057  WARN [Worker-37] - ScalaProject - Project progfun has platform default sourceLevel.
2015-11-11 19:40:40,057  WARN [Worker-37] - ScalaProject - Project progfun runs on platform default installation.
2015-11-11 19:40:40,069  WARN [Worker-37] - ScalaProject - Project progfun has platform default sourceLevel.
2015-11-11 19:40:40,069  WARN [Worker-37] - ScalaProject - Project progfun runs on platform default installation.
2015-11-11 19:40:40,079  WARN [Worker-37] - ScalaProject - Project progfun has platform default sourceLevel.
2015-11-11 19:40:40,079  WARN [Worker-37] - ScalaProject - Project progfun runs on platform default installation.
2015-11-11 19:40:41,145  WARN [Worker-35] - ScalaProject - Project progfun has platform default sourceLevel.
2015-11-11 19:40:41,145  WARN [Worker-35] - ScalaProject - Project progfun runs on platform default installation.
2015-11-11 19:40:41,154  WARN [Worker-35] - ScalaProject - Project progfun has platform default sourceLevel.
2015-11-11 19:40:41,154  WARN [Worker-35] - ScalaProject - Project progfun runs on platform default installation.
2015-11-11 19:40:41,162  WARN [Worker-35] - ScalaProject - Project progfun has platform default sourceLevel.
2015-11-11 19:40:41,162  WARN [Worker-35] - ScalaProject - Project progfun runs on platform default installation.
2015-11-11 19:40:43,930  WARN [Worker-35] - ScalaProject - Project progfun has platform default sourceLevel.
2015-11-11 19:40:43,930  WARN [Worker-35] - ScalaProject - Project progfun runs on platform default installation.
2015-11-11 19:40:43,940  WARN [Worker-35] - ScalaProject - Project progfun has platform default sourceLevel.
2015-11-11 19:40:43,940  WARN [Worker-35] - ScalaProject - Project progfun runs on platform default installation.
2015-11-11 19:40:43,948  WARN [Worker-35] - ScalaProject - Project progfun has platform default sourceLevel.
2015-11-11 19:40:43,948  WARN [Worker-35] - ScalaProject - Project progfun runs on platform default installation.
2015-11-11 19:40:47,343  WARN [Worker-31] - ScalaProject - Project progfun has platform default sourceLevel.
2015-11-11 19:40:47,344  WARN [Worker-31] - ScalaProject - Project progfun runs on platform default installation.
2015-11-11 19:40:47,353  WARN [Worker-31] - ScalaProject - Project progfun has platform default sourceLevel.
2015-11-11 19:40:47,353  WARN [Worker-31] - ScalaProject - Project progfun runs on platform default installation.
2015-11-11 19:40:47,362  WARN [Worker-31] - ScalaProject - Project progfun has platform default sourceLevel.
2015-11-11 19:40:47,362  WARN [Worker-31] - ScalaProject - Project progfun runs on platform default installation.
2015-11-11 19:40:48,428  WARN [Worker-37] - ScalaProject - Project progfun has platform default sourceLevel.
2015-11-11 19:40:48,428  WARN [Worker-37] - ScalaProject - Project progfun runs on platform default installation.
2015-11-11 19:40:48,442  WARN [Worker-37] - ScalaProject - Project progfun has platform default sourceLevel.
2015-11-11 19:40:48,442  WARN [Worker-37] - ScalaProject - Project progfun runs on platform default installation.
2015-11-11 19:40:48,450  WARN [Worker-37] - ScalaProject - Project progfun has platform default sourceLevel.
2015-11-11 19:40:48,450  WARN [Worker-37] - ScalaProject - Project progfun runs on platform default installation.
2015-11-11 19:40:51,561  WARN [Worker-37] - ScalaProject - Project progfun has platform default sourceLevel.
2015-11-11 19:40:51,561  WARN [Worker-37] - ScalaProject - Project progfun runs on platform default installation.
2015-11-11 19:40:51,571  WARN [Worker-37] - ScalaProject - Project progfun has platform default sourceLevel.
2015-11-11 19:40:51,571  WARN [Worker-37] - ScalaProject - Project progfun runs on platform default installation.
2015-11-11 19:40:51,583  WARN [Worker-37] - ScalaProject - Project progfun has platform default sourceLevel.
2015-11-11 19:40:51,583  WARN [Worker-37] - ScalaProject - Project progfun runs on platform default installation.
2015-11-11 19:40:52,644  WARN [Worker-35] - ScalaProject - Project progfun has platform default sourceLevel.
2015-11-11 19:40:52,644  WARN [Worker-35] - ScalaProject - Project progfun runs on platform default installation.
2015-11-11 19:40:52,652  WARN [Worker-35] - ScalaProject - Project progfun has platform default sourceLevel.
2015-11-11 19:40:52,652  WARN [Worker-35] - ScalaProject - Project progfun runs on platform default installation.
2015-11-11 19:40:52,659  WARN [Worker-35] - ScalaProject - Project progfun has platform default sourceLevel.
2015-11-11 19:40:52,660  WARN [Worker-35] - ScalaProject - Project progfun runs on platform default installation.
2015-11-11 19:42:00,119  WARN [Worker-36] - ScalaProject - Project progfun has platform default sourceLevel.
2015-11-11 19:42:00,119  WARN [Worker-36] - ScalaProject - Project progfun runs on platform default installation.
2015-11-11 19:42:00,127  WARN [Worker-36] - ScalaProject - Project progfun has platform default sourceLevel.
2015-11-11 19:42:00,127  WARN [Worker-36] - ScalaProject - Project progfun runs on platform default installation.
2015-11-11 19:42:00,138  WARN [Worker-36] - ScalaProject - Project progfun has platform default sourceLevel.
2015-11-11 19:42:00,138  WARN [Worker-36] - ScalaProject - Project progfun runs on platform default installation.
2015-11-11 19:42:01,201  WARN [Worker-38] - ScalaProject - Project progfun has platform default sourceLevel.
2015-11-11 19:42:01,202  WARN [Worker-38] - ScalaProject - Project progfun runs on platform default installation.
2015-11-11 19:42:01,210  WARN [Worker-38] - ScalaProject - Project progfun has platform default sourceLevel.
2015-11-11 19:42:01,210  WARN [Worker-38] - ScalaProject - Project progfun runs on platform default installation.
2015-11-11 19:42:01,217  WARN [Worker-38] - ScalaProject - Project progfun has platform default sourceLevel.
2015-11-11 19:42:01,217  WARN [Worker-38] - ScalaProject - Project progfun runs on platform default installation.
2015-11-11 19:42:04,644  WARN [Worker-35] - ScalaProject - Project progfun has platform default sourceLevel.
2015-11-11 19:42:04,645  WARN [Worker-35] - ScalaProject - Project progfun runs on platform default installation.
2015-11-11 19:42:04,653  WARN [Worker-35] - ScalaProject - Project progfun has platform default sourceLevel.
2015-11-11 19:42:04,653  WARN [Worker-35] - ScalaProject - Project progfun runs on platform default installation.
2015-11-11 19:42:04,660  WARN [Worker-35] - ScalaProject - Project progfun has platform default sourceLevel.
2015-11-11 19:42:04,660  WARN [Worker-35] - ScalaProject - Project progfun runs on platform default installation.
2015-11-11 19:42:05,722  WARN [Worker-38] - ScalaProject - Project progfun has platform default sourceLevel.
2015-11-11 19:42:05,722  WARN [Worker-38] - ScalaProject - Project progfun runs on platform default installation.
2015-11-11 19:42:05,729  WARN [Worker-38] - ScalaProject - Project progfun has platform default sourceLevel.
2015-11-11 19:42:05,729  WARN [Worker-38] - ScalaProject - Project progfun runs on platform default installation.
2015-11-11 19:42:05,736  WARN [Worker-38] - ScalaProject - Project progfun has platform default sourceLevel.
2015-11-11 19:42:05,736  WARN [Worker-38] - ScalaProject - Project progfun runs on platform default installation.
2015-11-11 19:42:08,212  WARN [Worker-36] - ScalaProject - Project progfun has platform default sourceLevel.
2015-11-11 19:42:08,212  WARN [Worker-36] - ScalaProject - Project progfun runs on platform default installation.
2015-11-11 19:42:08,220  WARN [Worker-36] - ScalaProject - Project progfun has platform default sourceLevel.
2015-11-11 19:42:08,220  WARN [Worker-36] - ScalaProject - Project progfun runs on platform default installation.
2015-11-11 19:42:08,227  WARN [Worker-36] - ScalaProject - Project progfun has platform default sourceLevel.
2015-11-11 19:42:08,227  WARN [Worker-36] - ScalaProject - Project progfun runs on platform default installation.
2015-11-11 19:42:09,289  WARN [Worker-36] - ScalaProject - Project progfun has platform default sourceLevel.
2015-11-11 19:42:09,289  WARN [Worker-36] - ScalaProject - Project progfun runs on platform default installation.
2015-11-11 19:42:09,297  WARN [Worker-36] - ScalaProject - Project progfun has platform default sourceLevel.
2015-11-11 19:42:09,297  WARN [Worker-36] - ScalaProject - Project progfun runs on platform default installation.
2015-11-11 19:42:09,304  WARN [Worker-36] - ScalaProject - Project progfun has platform default sourceLevel.
2015-11-11 19:42:09,304  WARN [Worker-36] - ScalaProject - Project progfun runs on platform default installation.
2015-11-11 19:42:14,244  WARN [Worker-31] - ScalaProject - Project progfun has platform default sourceLevel.
2015-11-11 19:42:14,245  WARN [Worker-31] - ScalaProject - Project progfun runs on platform default installation.
2015-11-11 19:42:14,252  WARN [Worker-31] - ScalaProject - Project progfun has platform default sourceLevel.
2015-11-11 19:42:14,252  WARN [Worker-31] - ScalaProject - Project progfun runs on platform default installation.
2015-11-11 19:42:14,259  WARN [Worker-31] - ScalaProject - Project progfun has platform default sourceLevel.
2015-11-11 19:42:14,259  WARN [Worker-31] - ScalaProject - Project progfun runs on platform default installation.
2015-11-11 19:42:15,320  WARN [Worker-38] - ScalaProject - Project progfun has platform default sourceLevel.
2015-11-11 19:42:15,320  WARN [Worker-38] - ScalaProject - Project progfun runs on platform default installation.
2015-11-11 19:42:15,327  WARN [Worker-38] - ScalaProject - Project progfun has platform default sourceLevel.
2015-11-11 19:42:15,327  WARN [Worker-38] - ScalaProject - Project progfun runs on platform default installation.
2015-11-11 19:42:15,334  WARN [Worker-38] - ScalaProject - Project progfun has platform default sourceLevel.
2015-11-11 19:42:15,334  WARN [Worker-38] - ScalaProject - Project progfun runs on platform default installation.
2015-11-11 19:42:23,860  WARN [Worker-36] - ScalaProject - Project progfun has platform default sourceLevel.
2015-11-11 19:42:23,860  WARN [Worker-36] - ScalaProject - Project progfun runs on platform default installation.
2015-11-11 19:42:23,872  WARN [Worker-36] - ScalaProject - Project progfun has platform default sourceLevel.
2015-11-11 19:42:23,872  WARN [Worker-36] - ScalaProject - Project progfun runs on platform default installation.
2015-11-11 19:42:23,878  WARN [Worker-36] - ScalaProject - Project progfun has platform default sourceLevel.
2015-11-11 19:42:23,878  WARN [Worker-36] - ScalaProject - Project progfun runs on platform default installation.
2015-11-11 19:42:24,940  WARN [Worker-38] - ScalaProject - Project progfun has platform default sourceLevel.
2015-11-11 19:42:24,940  WARN [Worker-38] - ScalaProject - Project progfun runs on platform default installation.
2015-11-11 19:42:24,948  WARN [Worker-38] - ScalaProject - Project progfun has platform default sourceLevel.
2015-11-11 19:42:24,948  WARN [Worker-38] - ScalaProject - Project progfun runs on platform default installation.
2015-11-11 19:42:24,955  WARN [Worker-38] - ScalaProject - Project progfun has platform default sourceLevel.
2015-11-11 19:42:24,955  WARN [Worker-38] - ScalaProject - Project progfun runs on platform default installation.
2015-11-11 19:43:16,446  WARN [Worker-39] - ScalaProject - Project progfun has platform default sourceLevel.
2015-11-11 19:43:16,447  WARN [Worker-39] - ScalaProject - Project progfun runs on platform default installation.
2015-11-11 19:43:16,455  WARN [Worker-39] - ScalaProject - Project progfun has platform default sourceLevel.
2015-11-11 19:43:16,456  WARN [Worker-39] - ScalaProject - Project progfun runs on platform default installation.
2015-11-11 19:43:16,463  WARN [Worker-39] - ScalaProject - Project progfun has platform default sourceLevel.
2015-11-11 19:43:16,463  WARN [Worker-39] - ScalaProject - Project progfun runs on platform default installation.
2015-11-11 19:43:17,525  WARN [Worker-35] - ScalaProject - Project progfun has platform default sourceLevel.
2015-11-11 19:43:17,525  WARN [Worker-35] - ScalaProject - Project progfun runs on platform default installation.
2015-11-11 19:43:17,533  WARN [Worker-35] - ScalaProject - Project progfun has platform default sourceLevel.
2015-11-11 19:43:17,533  WARN [Worker-35] - ScalaProject - Project progfun runs on platform default installation.
2015-11-11 19:43:17,539  WARN [Worker-35] - ScalaProject - Project progfun has platform default sourceLevel.
2015-11-11 19:43:17,539  WARN [Worker-35] - ScalaProject - Project progfun runs on platform default installation.
2015-11-11 19:45:12,735  WARN [Worker-41] - ScalaProject - Project progfun has platform default sourceLevel.
2015-11-11 19:45:12,735  WARN [Worker-41] - ScalaProject - Project progfun runs on platform default installation.
2015-11-11 19:45:12,743  WARN [Worker-41] - ScalaProject - Project progfun has platform default sourceLevel.
2015-11-11 19:45:12,743  WARN [Worker-41] - ScalaProject - Project progfun runs on platform default installation.
2015-11-11 19:45:12,750  WARN [Worker-41] - ScalaProject - Project progfun has platform default sourceLevel.
2015-11-11 19:45:12,750  WARN [Worker-41] - ScalaProject - Project progfun runs on platform default installation.
2015-11-11 19:45:13,811  WARN [Worker-31] - ScalaProject - Project progfun has platform default sourceLevel.
2015-11-11 19:45:13,811  WARN [Worker-31] - ScalaProject - Project progfun runs on platform default installation.
2015-11-11 19:45:13,818  WARN [Worker-31] - ScalaProject - Project progfun has platform default sourceLevel.
2015-11-11 19:45:13,818  WARN [Worker-31] - ScalaProject - Project progfun runs on platform default installation.
2015-11-11 19:45:13,824  WARN [Worker-31] - ScalaProject - Project progfun has platform default sourceLevel.
2015-11-11 19:45:13,824  WARN [Worker-31] - ScalaProject - Project progfun runs on platform default installation.
2015-11-11 19:45:22,902  WARN [Worker-38] - ScalaProject - Project progfun has platform default sourceLevel.
2015-11-11 19:45:22,902  WARN [Worker-38] - ScalaProject - Project progfun runs on platform default installation.
2015-11-11 19:45:22,910  WARN [Worker-38] - ScalaProject - Project progfun has platform default sourceLevel.
2015-11-11 19:45:22,910  WARN [Worker-38] - ScalaProject - Project progfun runs on platform default installation.
2015-11-11 19:45:22,916  WARN [Worker-38] - ScalaProject - Project progfun has platform default sourceLevel.
2015-11-11 19:45:22,916  WARN [Worker-38] - ScalaProject - Project progfun runs on platform default installation.
2015-11-11 19:45:23,978  WARN [Worker-41] - ScalaProject - Project progfun has platform default sourceLevel.
2015-11-11 19:45:23,978  WARN [Worker-41] - ScalaProject - Project progfun runs on platform default installation.
2015-11-11 19:45:23,988  WARN [Worker-41] - ScalaProject - Project progfun has platform default sourceLevel.
2015-11-11 19:45:23,989  WARN [Worker-41] - ScalaProject - Project progfun runs on platform default installation.
2015-11-11 19:45:23,994  WARN [Worker-41] - ScalaProject - Project progfun has platform default sourceLevel.
2015-11-11 19:45:23,994  WARN [Worker-41] - ScalaProject - Project progfun runs on platform default installation.
2015-11-11 19:45:25,047  WARN [Worker-41] - ScalaProject - Project progfun has platform default sourceLevel.
2015-11-11 19:45:25,047  WARN [Worker-41] - ScalaProject - Project progfun runs on platform default installation.
2015-11-11 19:45:25,054  WARN [Worker-41] - ScalaProject - Project progfun has platform default sourceLevel.
2015-11-11 19:45:25,054  WARN [Worker-41] - ScalaProject - Project progfun runs on platform default installation.
2015-11-11 19:45:25,060  WARN [Worker-41] - ScalaProject - Project progfun has platform default sourceLevel.
2015-11-11 19:45:25,060  WARN [Worker-41] - ScalaProject - Project progfun runs on platform default installation.
2015-11-11 19:47:15,981  WARN [Worker-42] - ScalaProject - Project progfun has platform default sourceLevel.
2015-11-11 19:47:15,981  WARN [Worker-42] - ScalaProject - Project progfun runs on platform default installation.
2015-11-11 19:47:15,988  WARN [Worker-42] - ScalaProject - Project progfun has platform default sourceLevel.
2015-11-11 19:47:15,988  WARN [Worker-42] - ScalaProject - Project progfun runs on platform default installation.
2015-11-11 19:47:15,993  WARN [Worker-42] - ScalaProject - Project progfun has platform default sourceLevel.
2015-11-11 19:47:15,993  WARN [Worker-42] - ScalaProject - Project progfun runs on platform default installation.
2015-11-11 19:47:19,603  WARN [Worker-41] - ScalaProject - Project progfun has platform default sourceLevel.
2015-11-11 19:47:19,604  WARN [Worker-41] - ScalaProject - Project progfun runs on platform default installation.
2015-11-11 19:47:19,610  WARN [Worker-41] - ScalaProject - Project progfun has platform default sourceLevel.
2015-11-11 19:47:19,610  WARN [Worker-41] - ScalaProject - Project progfun runs on platform default installation.
2015-11-11 19:47:19,616  WARN [Worker-41] - ScalaProject - Project progfun has platform default sourceLevel.
2015-11-11 19:47:19,616  WARN [Worker-41] - ScalaProject - Project progfun runs on platform default installation.
2015-11-11 19:47:23,114  WARN [Worker-42] - ScalaProject - Project progfun has platform default sourceLevel.
2015-11-11 19:47:23,114  WARN [Worker-42] - ScalaProject - Project progfun runs on platform default installation.
2015-11-11 19:47:23,123  WARN [Worker-42] - ScalaProject - Project progfun has platform default sourceLevel.
2015-11-11 19:47:23,123  WARN [Worker-42] - ScalaProject - Project progfun runs on platform default installation.
2015-11-11 19:47:23,130  WARN [Worker-42] - ScalaProject - Project progfun has platform default sourceLevel.
2015-11-11 19:47:23,130  WARN [Worker-42] - ScalaProject - Project progfun runs on platform default installation.
2015-11-11 19:47:24,191  WARN [Worker-39] - ScalaProject - Project progfun has platform default sourceLevel.
2015-11-11 19:47:24,192  WARN [Worker-39] - ScalaProject - Project progfun runs on platform default installation.
2015-11-11 19:47:24,199  WARN [Worker-39] - ScalaProject - Project progfun has platform default sourceLevel.
2015-11-11 19:47:24,199  WARN [Worker-39] - ScalaProject - Project progfun runs on platform default installation.
2015-11-11 19:47:24,205  WARN [Worker-39] - ScalaProject - Project progfun has platform default sourceLevel.
2015-11-11 19:47:24,205  WARN [Worker-39] - ScalaProject - Project progfun runs on platform default installation.
2015-11-11 19:47:28,191  WARN [Worker-39] - ScalaProject - Project progfun has platform default sourceLevel.
2015-11-11 19:47:28,191  WARN [Worker-39] - ScalaProject - Project progfun runs on platform default installation.
2015-11-11 19:47:28,197  WARN [Worker-39] - ScalaProject - Project progfun has platform default sourceLevel.
2015-11-11 19:47:28,197  WARN [Worker-39] - ScalaProject - Project progfun runs on platform default installation.
2015-11-11 19:47:28,203  WARN [Worker-39] - ScalaProject - Project progfun has platform default sourceLevel.
2015-11-11 19:47:28,204  WARN [Worker-39] - ScalaProject - Project progfun runs on platform default installation.
2015-11-11 19:47:31,930  WARN [Worker-42] - ScalaProject - Project progfun has platform default sourceLevel.
2015-11-11 19:47:31,931  WARN [Worker-42] - ScalaProject - Project progfun runs on platform default installation.
2015-11-11 19:47:31,939  WARN [Worker-42] - ScalaProject - Project progfun has platform default sourceLevel.
2015-11-11 19:47:31,939  WARN [Worker-42] - ScalaProject - Project progfun runs on platform default installation.
2015-11-11 19:47:31,946  WARN [Worker-42] - ScalaProject - Project progfun has platform default sourceLevel.
2015-11-11 19:47:31,946  WARN [Worker-42] - ScalaProject - Project progfun runs on platform default installation.
2015-11-11 19:47:33,008  WARN [Worker-43] - ScalaProject - Project progfun has platform default sourceLevel.
2015-11-11 19:47:33,009  WARN [Worker-43] - ScalaProject - Project progfun runs on platform default installation.
2015-11-11 19:47:33,015  WARN [Worker-43] - ScalaProject - Project progfun has platform default sourceLevel.
2015-11-11 19:47:33,015  WARN [Worker-43] - ScalaProject - Project progfun runs on platform default installation.
2015-11-11 19:47:33,021  WARN [Worker-43] - ScalaProject - Project progfun has platform default sourceLevel.
2015-11-11 19:47:33,021  WARN [Worker-43] - ScalaProject - Project progfun runs on platform default installation.
2015-11-11 19:52:04,914  WARN [Worker-42] - ScalaProject - Project progfun has platform default sourceLevel.
2015-11-11 19:52:04,915  WARN [Worker-42] - ScalaProject - Project progfun runs on platform default installation.
2015-11-11 19:52:04,922  WARN [Worker-42] - ScalaProject - Project progfun has platform default sourceLevel.
2015-11-11 19:52:04,922  WARN [Worker-42] - ScalaProject - Project progfun runs on platform default installation.
2015-11-11 19:52:04,928  WARN [Worker-42] - ScalaProject - Project progfun has platform default sourceLevel.
2015-11-11 19:52:04,929  WARN [Worker-42] - ScalaProject - Project progfun runs on platform default installation.
2015-11-11 19:54:10,325  WARN [Worker-46] - ScalaProject - Project progfun has platform default sourceLevel.
2015-11-11 19:54:10,326  WARN [Worker-46] - ScalaProject - Project progfun runs on platform default installation.
2015-11-11 19:54:10,333  WARN [Worker-46] - ScalaProject - Project progfun has platform default sourceLevel.
2015-11-11 19:54:10,333  WARN [Worker-46] - ScalaProject - Project progfun runs on platform default installation.
2015-11-11 19:54:10,338  WARN [Worker-46] - ScalaProject - Project progfun has platform default sourceLevel.
2015-11-11 19:54:10,338  WARN [Worker-46] - ScalaProject - Project progfun runs on platform default installation.
2015-11-11 19:54:21,508  WARN [Worker-48] - ScalaProject - Project progfun has platform default sourceLevel.
2015-11-11 19:54:21,508  WARN [Worker-48] - ScalaProject - Project progfun runs on platform default installation.
2015-11-11 19:54:21,534  WARN [Worker-48] - ScalaProject - Project progfun has platform default sourceLevel.
2015-11-11 19:54:21,534  WARN [Worker-48] - ScalaProject - Project progfun runs on platform default installation.
2015-11-11 19:54:21,540  WARN [Worker-48] - ScalaProject - Project progfun has platform default sourceLevel.
2015-11-11 19:54:21,540  WARN [Worker-48] - ScalaProject - Project progfun runs on platform default installation.
2015-11-11 19:54:22,601  WARN [Worker-49] - ScalaProject - Project progfun has platform default sourceLevel.
2015-11-11 19:54:22,602  WARN [Worker-49] - ScalaProject - Project progfun runs on platform default installation.
2015-11-11 19:54:22,608  WARN [Worker-49] - ScalaProject - Project progfun has platform default sourceLevel.
2015-11-11 19:54:22,608  WARN [Worker-49] - ScalaProject - Project progfun runs on platform default installation.
2015-11-11 19:54:22,613  WARN [Worker-49] - ScalaProject - Project progfun has platform default sourceLevel.
2015-11-11 19:54:22,614  WARN [Worker-49] - ScalaProject - Project progfun runs on platform default installation.
2015-11-11 19:55:00,213  WARN [Worker-49] - ScalaProject - Project progfun has platform default sourceLevel.
2015-11-11 19:55:00,213  WARN [Worker-49] - ScalaProject - Project progfun runs on platform default installation.
2015-11-11 19:55:00,220  WARN [Worker-49] - ScalaProject - Project progfun has platform default sourceLevel.
2015-11-11 19:55:00,221  WARN [Worker-49] - ScalaProject - Project progfun runs on platform default installation.
2015-11-11 19:55:00,227  WARN [Worker-49] - ScalaProject - Project progfun has platform default sourceLevel.
2015-11-11 19:55:00,227  WARN [Worker-49] - ScalaProject - Project progfun runs on platform default installation.
2015-11-11 19:55:01,287  WARN [Worker-48] - ScalaProject - Project progfun has platform default sourceLevel.
2015-11-11 19:55:01,287  WARN [Worker-48] - ScalaProject - Project progfun runs on platform default installation.
2015-11-11 19:55:01,294  WARN [Worker-48] - ScalaProject - Project progfun has platform default sourceLevel.
2015-11-11 19:55:01,294  WARN [Worker-48] - ScalaProject - Project progfun runs on platform default installation.
2015-11-11 19:55:01,300  WARN [Worker-48] - ScalaProject - Project progfun has platform default sourceLevel.
2015-11-11 19:55:01,300  WARN [Worker-48] - ScalaProject - Project progfun runs on platform default installation.
2015-11-11 19:55:07,093  WARN [Worker-50] - ScalaProject - Project progfun has platform default sourceLevel.
2015-11-11 19:55:07,093  WARN [Worker-50] - ScalaProject - Project progfun runs on platform default installation.
2015-11-11 19:55:07,100  WARN [Worker-50] - ScalaProject - Project progfun has platform default sourceLevel.
2015-11-11 19:55:07,100  WARN [Worker-50] - ScalaProject - Project progfun runs on platform default installation.
2015-11-11 19:55:07,106  WARN [Worker-50] - ScalaProject - Project progfun has platform default sourceLevel.
2015-11-11 19:55:07,106  WARN [Worker-50] - ScalaProject - Project progfun runs on platform default installation.
2015-11-11 19:55:08,167  WARN [Worker-48] - ScalaProject - Project progfun has platform default sourceLevel.
2015-11-11 19:55:08,167  WARN [Worker-48] - ScalaProject - Project progfun runs on platform default installation.
2015-11-11 19:55:08,174  WARN [Worker-48] - ScalaProject - Project progfun has platform default sourceLevel.
2015-11-11 19:55:08,174  WARN [Worker-48] - ScalaProject - Project progfun runs on platform default installation.
2015-11-11 19:55:08,180  WARN [Worker-48] - ScalaProject - Project progfun has platform default sourceLevel.
2015-11-11 19:55:08,180  WARN [Worker-48] - ScalaProject - Project progfun runs on platform default installation.
2015-11-11 19:56:33,021  WARN [Worker-50] - ScalaProject - Project progfun has platform default sourceLevel.
2015-11-11 19:56:33,022  WARN [Worker-50] - ScalaProject - Project progfun runs on platform default installation.
2015-11-11 19:56:33,028  WARN [Worker-50] - ScalaProject - Project progfun has platform default sourceLevel.
2015-11-11 19:56:33,028  WARN [Worker-50] - ScalaProject - Project progfun runs on platform default installation.
2015-11-11 19:56:33,034  WARN [Worker-50] - ScalaProject - Project progfun has platform default sourceLevel.
2015-11-11 19:56:33,034  WARN [Worker-50] - ScalaProject - Project progfun runs on platform default installation.
2015-11-11 19:56:38,584  WARN [Worker-52] - ScalaProject - Project progfun has platform default sourceLevel.
2015-11-11 19:56:38,584  WARN [Worker-52] - ScalaProject - Project progfun runs on platform default installation.
2015-11-11 19:56:38,591  WARN [Worker-52] - ScalaProject - Project progfun has platform default sourceLevel.
2015-11-11 19:56:38,591  WARN [Worker-52] - ScalaProject - Project progfun runs on platform default installation.
2015-11-11 19:56:38,597  WARN [Worker-52] - ScalaProject - Project progfun has platform default sourceLevel.
2015-11-11 19:56:38,597  WARN [Worker-52] - ScalaProject - Project progfun runs on platform default installation.
2015-11-11 19:56:43,857  WARN [Worker-52] - ScalaProject - Project progfun has platform default sourceLevel.
2015-11-11 19:56:43,857  WARN [Worker-52] - ScalaProject - Project progfun runs on platform default installation.
2015-11-11 19:56:43,864  WARN [Worker-52] - ScalaProject - Project progfun has platform default sourceLevel.
2015-11-11 19:56:43,864  WARN [Worker-52] - ScalaProject - Project progfun runs on platform default installation.
2015-11-11 19:56:43,869  WARN [Worker-52] - ScalaProject - Project progfun has platform default sourceLevel.
2015-11-11 19:56:43,870  WARN [Worker-52] - ScalaProject - Project progfun runs on platform default installation.
2015-11-11 20:53:14,788  WARN [Worker-56] - ScalaProject - Project progfun has platform default sourceLevel.
2015-11-11 20:53:14,788  WARN [Worker-56] - ScalaProject - Project progfun runs on platform default installation.
2015-11-11 20:53:14,830  WARN [Worker-56] - ScalaProject - Project progfun has platform default sourceLevel.
2015-11-11 20:53:14,830  WARN [Worker-56] - ScalaProject - Project progfun runs on platform default installation.
2015-11-11 20:53:14,847  WARN [Worker-56] - ScalaProject - Project progfun has platform default sourceLevel.
2015-11-11 20:53:14,847  WARN [Worker-56] - ScalaProject - Project progfun runs on platform default installation.
2015-11-11 20:53:15,950  WARN [Worker-56] - ScalaProject - Project progfun has platform default sourceLevel.
2015-11-11 20:53:15,950  WARN [Worker-56] - ScalaProject - Project progfun runs on platform default installation.
2015-11-11 20:53:15,957  WARN [Worker-56] - ScalaProject - Project progfun has platform default sourceLevel.
2015-11-11 20:53:15,957  WARN [Worker-56] - ScalaProject - Project progfun runs on platform default installation.
2015-11-11 20:53:15,962  WARN [Worker-56] - ScalaProject - Project progfun has platform default sourceLevel.
2015-11-11 20:53:15,962  WARN [Worker-56] - ScalaProject - Project progfun runs on platform default installation.
2015-11-11 20:54:40,031  WARN [Worker-59] - ScalaProject - Project progfun has platform default sourceLevel.
2015-11-11 20:54:40,031  WARN [Worker-59] - ScalaProject - Project progfun runs on platform default installation.
2015-11-11 20:54:40,038  WARN [Worker-59] - ScalaProject - Project progfun has platform default sourceLevel.
2015-11-11 20:54:40,038  WARN [Worker-59] - ScalaProject - Project progfun runs on platform default installation.
2015-11-11 20:54:40,043  WARN [Worker-59] - ScalaProject - Project progfun has platform default sourceLevel.
2015-11-11 20:54:40,043  WARN [Worker-59] - ScalaProject - Project progfun runs on platform default installation.
2015-11-11 20:55:25,227  WARN [Worker-59] - ScalaProject - Project progfun has platform default sourceLevel.
2015-11-11 20:55:25,227  WARN [Worker-59] - ScalaProject - Project progfun runs on platform default installation.
2015-11-11 20:55:25,234  WARN [Worker-59] - ScalaProject - Project progfun has platform default sourceLevel.
2015-11-11 20:55:25,235  WARN [Worker-59] - ScalaProject - Project progfun runs on platform default installation.
2015-11-11 20:55:25,241  WARN [Worker-59] - ScalaProject - Project progfun has platform default sourceLevel.
2015-11-11 20:55:25,241  WARN [Worker-59] - ScalaProject - Project progfun runs on platform default installation.
2015-11-11 20:55:28,796  WARN [Worker-53] - ScalaProject - Project progfun has platform default sourceLevel.
2015-11-11 20:55:28,796  WARN [Worker-53] - ScalaProject - Project progfun runs on platform default installation.
2015-11-11 20:55:28,804  WARN [Worker-53] - ScalaProject - Project progfun has platform default sourceLevel.
2015-11-11 20:55:28,804  WARN [Worker-53] - ScalaProject - Project progfun runs on platform default installation.
2015-11-11 20:55:28,810  WARN [Worker-53] - ScalaProject - Project progfun has platform default sourceLevel.
2015-11-11 20:55:28,810  WARN [Worker-53] - ScalaProject - Project progfun runs on platform default installation.
2015-11-11 20:55:41,306  WARN [Worker-61] - ScalaProject - Project progfun has platform default sourceLevel.
2015-11-11 20:55:41,306  WARN [Worker-61] - ScalaProject - Project progfun runs on platform default installation.
2015-11-11 20:55:41,313  WARN [Worker-61] - ScalaProject - Project progfun has platform default sourceLevel.
2015-11-11 20:55:41,313  WARN [Worker-61] - ScalaProject - Project progfun runs on platform default installation.
2015-11-11 20:55:41,318  WARN [Worker-61] - ScalaProject - Project progfun has platform default sourceLevel.
2015-11-11 20:55:41,318  WARN [Worker-61] - ScalaProject - Project progfun runs on platform default installation.
2015-11-11 20:55:43,653  WARN [Worker-63] - ScalaProject - Project progfun has platform default sourceLevel.
2015-11-11 20:55:43,654  WARN [Worker-63] - ScalaProject - Project progfun runs on platform default installation.
2015-11-11 20:55:43,660  WARN [Worker-63] - ScalaProject - Project progfun has platform default sourceLevel.
2015-11-11 20:55:43,660  WARN [Worker-63] - ScalaProject - Project progfun runs on platform default installation.
2015-11-11 20:55:43,666  WARN [Worker-63] - ScalaProject - Project progfun has platform default sourceLevel.
2015-11-11 20:55:43,666  WARN [Worker-63] - ScalaProject - Project progfun runs on platform default installation.
2015-11-11 20:55:53,903  WARN [Worker-62] - ScalaProject - Project progfun has platform default sourceLevel.
2015-11-11 20:55:53,903  WARN [Worker-62] - ScalaProject - Project progfun runs on platform default installation.
2015-11-11 20:55:53,910  WARN [Worker-62] - ScalaProject - Project progfun has platform default sourceLevel.
2015-11-11 20:55:53,910  WARN [Worker-62] - ScalaProject - Project progfun runs on platform default installation.
2015-11-11 20:55:53,917  WARN [Worker-62] - ScalaProject - Project progfun has platform default sourceLevel.
2015-11-11 20:55:53,917  WARN [Worker-62] - ScalaProject - Project progfun runs on platform default installation.
2015-11-11 20:55:54,978  WARN [Worker-63] - ScalaProject - Project progfun has platform default sourceLevel.
2015-11-11 20:55:54,979  WARN [Worker-63] - ScalaProject - Project progfun runs on platform default installation.
2015-11-11 20:55:54,985  WARN [Worker-63] - ScalaProject - Project progfun has platform default sourceLevel.
2015-11-11 20:55:54,986  WARN [Worker-63] - ScalaProject - Project progfun runs on platform default installation.
2015-11-11 20:55:54,992  WARN [Worker-63] - ScalaProject - Project progfun has platform default sourceLevel.
2015-11-11 20:55:54,992  WARN [Worker-63] - ScalaProject - Project progfun runs on platform default installation.
2015-11-11 20:56:25,024  WARN [Worker-62] - ScalaProject - Project progfun has platform default sourceLevel.
2015-11-11 20:56:25,024  WARN [Worker-62] - ScalaProject - Project progfun runs on platform default installation.
2015-11-11 20:56:25,031  WARN [Worker-62] - ScalaProject - Project progfun has platform default sourceLevel.
2015-11-11 20:56:25,032  WARN [Worker-62] - ScalaProject - Project progfun runs on platform default installation.
2015-11-11 20:56:25,038  WARN [Worker-62] - ScalaProject - Project progfun has platform default sourceLevel.
2015-11-11 20:56:25,039  WARN [Worker-62] - ScalaProject - Project progfun runs on platform default installation.
2015-11-11 20:56:26,050  WARN [Worker-59] - ScalaProject - Project progfun has platform default sourceLevel.
2015-11-11 20:56:26,050  WARN [Worker-59] - ScalaProject - Project progfun runs on platform default installation.
2015-11-11 20:56:26,057  WARN [Worker-59] - ScalaProject - Project progfun has platform default sourceLevel.
2015-11-11 20:56:26,057  WARN [Worker-59] - ScalaProject - Project progfun runs on platform default installation.
2015-11-11 20:56:26,062  WARN [Worker-59] - ScalaProject - Project progfun has platform default sourceLevel.
2015-11-11 20:56:26,063  WARN [Worker-59] - ScalaProject - Project progfun runs on platform default installation.
2015-11-11 20:59:09,182  WARN [Worker-53] - ScalaProject - Project progfun has platform default sourceLevel.
2015-11-11 20:59:09,182  WARN [Worker-53] - ScalaProject - Project progfun runs on platform default installation.
2015-11-11 20:59:09,191  WARN [Worker-53] - ScalaProject - Project progfun has platform default sourceLevel.
2015-11-11 20:59:09,191  WARN [Worker-53] - ScalaProject - Project progfun runs on platform default installation.
2015-11-11 20:59:09,197  WARN [Worker-53] - ScalaProject - Project progfun has platform default sourceLevel.
2015-11-11 20:59:09,197  WARN [Worker-53] - ScalaProject - Project progfun runs on platform default installation.
2015-11-11 20:59:10,257  WARN [Worker-61] - ScalaProject - Project progfun has platform default sourceLevel.
2015-11-11 20:59:10,257  WARN [Worker-61] - ScalaProject - Project progfun runs on platform default installation.
2015-11-11 20:59:10,264  WARN [Worker-61] - ScalaProject - Project progfun has platform default sourceLevel.
2015-11-11 20:59:10,264  WARN [Worker-61] - ScalaProject - Project progfun runs on platform default installation.
2015-11-11 20:59:10,272  WARN [Worker-61] - ScalaProject - Project progfun has platform default sourceLevel.
2015-11-11 20:59:10,272  WARN [Worker-61] - ScalaProject - Project progfun runs on platform default installation.
2015-11-11 20:59:13,678  WARN [Worker-59] - ScalaProject - Project progfun has platform default sourceLevel.
2015-11-11 20:59:13,679  WARN [Worker-59] - ScalaProject - Project progfun runs on platform default installation.
2015-11-11 20:59:13,686  WARN [Worker-59] - ScalaProject - Project progfun has platform default sourceLevel.
2015-11-11 20:59:13,686  WARN [Worker-59] - ScalaProject - Project progfun runs on platform default installation.
2015-11-11 20:59:13,693  WARN [Worker-59] - ScalaProject - Project progfun has platform default sourceLevel.
2015-11-11 20:59:13,693  WARN [Worker-59] - ScalaProject - Project progfun runs on platform default installation.
2015-11-11 20:59:14,753  WARN [Worker-57] - ScalaProject - Project progfun has platform default sourceLevel.
2015-11-11 20:59:14,753  WARN [Worker-57] - ScalaProject - Project progfun runs on platform default installation.
2015-11-11 20:59:14,759  WARN [Worker-57] - ScalaProject - Project progfun has platform default sourceLevel.
2015-11-11 20:59:14,759  WARN [Worker-57] - ScalaProject - Project progfun runs on platform default installation.
2015-11-11 20:59:14,765  WARN [Worker-57] - ScalaProject - Project progfun has platform default sourceLevel.
2015-11-11 20:59:14,765  WARN [Worker-57] - ScalaProject - Project progfun runs on platform default installation.
2015-11-11 20:59:21,963  WARN [Worker-61] - ScalaProject - Project progfun has platform default sourceLevel.
2015-11-11 20:59:21,963  WARN [Worker-61] - ScalaProject - Project progfun runs on platform default installation.
2015-11-11 20:59:21,970  WARN [Worker-61] - ScalaProject - Project progfun has platform default sourceLevel.
2015-11-11 20:59:21,970  WARN [Worker-61] - ScalaProject - Project progfun runs on platform default installation.
2015-11-11 20:59:21,975  WARN [Worker-61] - ScalaProject - Project progfun has platform default sourceLevel.
2015-11-11 20:59:21,975  WARN [Worker-61] - ScalaProject - Project progfun runs on platform default installation.
2015-11-11 20:59:30,809  WARN [Worker-61] - ScalaProject - Project progfun has platform default sourceLevel.
2015-11-11 20:59:30,809  WARN [Worker-61] - ScalaProject - Project progfun runs on platform default installation.
2015-11-11 20:59:30,816  WARN [Worker-61] - ScalaProject - Project progfun has platform default sourceLevel.
2015-11-11 20:59:30,816  WARN [Worker-61] - ScalaProject - Project progfun runs on platform default installation.
2015-11-11 20:59:30,822  WARN [Worker-61] - ScalaProject - Project progfun has platform default sourceLevel.
2015-11-11 20:59:30,822  WARN [Worker-61] - ScalaProject - Project progfun runs on platform default installation.
2015-11-11 20:59:31,883  WARN [Worker-57] - ScalaProject - Project progfun has platform default sourceLevel.
2015-11-11 20:59:31,883  WARN [Worker-57] - ScalaProject - Project progfun runs on platform default installation.
2015-11-11 20:59:31,890  WARN [Worker-57] - ScalaProject - Project progfun has platform default sourceLevel.
2015-11-11 20:59:31,891  WARN [Worker-57] - ScalaProject - Project progfun runs on platform default installation.
2015-11-11 20:59:31,896  WARN [Worker-57] - ScalaProject - Project progfun has platform default sourceLevel.
2015-11-11 20:59:31,896  WARN [Worker-57] - ScalaProject - Project progfun runs on platform default installation.
2015-11-11 21:03:16,488  WARN [Worker-65] - ScalaProject - Project progfun has platform default sourceLevel.
2015-11-11 21:03:16,488  WARN [Worker-65] - ScalaProject - Project progfun runs on platform default installation.
2015-11-11 21:03:16,496  WARN [Worker-65] - ScalaProject - Project progfun has platform default sourceLevel.
2015-11-11 21:03:16,496  WARN [Worker-65] - ScalaProject - Project progfun runs on platform default installation.
2015-11-11 21:03:16,504  WARN [Worker-65] - ScalaProject - Project progfun has platform default sourceLevel.
2015-11-11 21:03:16,504  WARN [Worker-65] - ScalaProject - Project progfun runs on platform default installation.
2015-11-11 21:03:17,566  WARN [Worker-64] - ScalaProject - Project progfun has platform default sourceLevel.
2015-11-11 21:03:17,566  WARN [Worker-64] - ScalaProject - Project progfun runs on platform default installation.
2015-11-11 21:03:17,574  WARN [Worker-64] - ScalaProject - Project progfun has platform default sourceLevel.
2015-11-11 21:03:17,574  WARN [Worker-64] - ScalaProject - Project progfun runs on platform default installation.
2015-11-11 21:03:17,580  WARN [Worker-64] - ScalaProject - Project progfun has platform default sourceLevel.
2015-11-11 21:03:17,580  WARN [Worker-64] - ScalaProject - Project progfun runs on platform default installation.
2015-11-11 21:50:17,333  WARN [Worker-72] - ScalaProject - Project progfun has platform default sourceLevel.
2015-11-11 21:50:17,334  WARN [Worker-72] - ScalaProject - Project progfun runs on platform default installation.
2015-11-11 21:50:17,393  WARN [Worker-72] - ScalaProject - Project progfun has platform default sourceLevel.
2015-11-11 21:50:17,393  WARN [Worker-72] - ScalaProject - Project progfun runs on platform default installation.
2015-11-11 21:50:17,422  WARN [Worker-72] - ScalaProject - Project progfun has platform default sourceLevel.
2015-11-11 21:50:17,422  WARN [Worker-72] - ScalaProject - Project progfun runs on platform default installation.
2015-11-11 21:50:17,679 ERROR [Worker-71] - ProgramExecutor$ - Worksheet process has terminated unexpectedly (exit value 143
At the time of termination, the following text was available in the output streams:
Standard output:
  
Standard error:
  

2015-11-12 15:25:37,941  WARN [Worker-0] - ScalaProject - Project progfun has platform default sourceLevel.
2015-11-12 15:25:37,954  WARN [Worker-0] - ScalaProject - Project progfun runs on platform default installation.
2015-11-12 15:25:37,949  WARN [org.eclipse.jface.text.reconciler.MonoReconciler] - ScalaProject - Project progfun has platform default sourceLevel.
2015-11-12 15:25:37,974  WARN [org.eclipse.jface.text.reconciler.MonoReconciler] - ScalaProject - Project progfun runs on platform default installation.
2015-11-12 15:25:37,975  WARN [org.eclipse.jface.text.reconciler.MonoReconciler] - ScalaProject - Project progfun has platform default sourceLevel.
2015-11-12 15:25:37,982  WARN [org.eclipse.jface.text.reconciler.MonoReconciler] - ScalaProject - Project progfun runs on platform default installation.
2015-11-12 15:25:38,988  WARN [Worker-3] - ScalaProject - Project progfun has platform default sourceLevel.
2015-11-12 15:25:39,001  WARN [Worker-3] - ScalaProject - Project progfun runs on platform default installation.
2015-11-12 15:25:39,182  WARN [Worker-3] - ScalaProject - Project progfun has platform default sourceLevel.
2015-11-12 15:25:39,187  WARN [Worker-3] - ScalaProject - Project progfun runs on platform default installation.
2015-11-12 15:25:39,693  WARN [Worker-3] - ScalaProject - Project progfun has platform default sourceLevel.
2015-11-12 15:25:39,693  WARN [Worker-3] - ScalaProject - Project progfun runs on platform default installation.
2015-11-12 15:25:39,760  WARN [Worker-3] - ScalaProject - Project progfun has platform default sourceLevel.
2015-11-12 15:25:39,761  WARN [Worker-3] - ScalaProject - Project progfun runs on platform default installation.
2015-11-12 15:43:48,028  WARN [Worker-0] - ScalaProject - Project progfun has platform default sourceLevel.
2015-11-12 15:43:48,029  WARN [Worker-0] - ScalaProject - Project progfun runs on platform default installation.
2015-11-12 15:43:48,188  WARN [org.eclipse.jface.text.reconciler.MonoReconciler] - ScalaProject - Project progfun has platform default sourceLevel.
2015-11-12 15:43:48,189  WARN [org.eclipse.jface.text.reconciler.MonoReconciler] - ScalaProject - Project progfun runs on platform default installation.
